Solid Edge Translation to STEP
Date: Monday,September 09,2024 10:57PM
Output File: C:\Users\rakennus\Documents\keyboard\CAD\plate.stp
Author: Unknown
Organization: Unknown
Source System: Solid Edge

Hardware:
Processor: AMD Ryzen 5 3600 6-Core Processor              
Operating System: Windows 10 Professional Version:22H2 Build:19045 System Type:64-bit
Installed Memory: 15.9 GB

Software Information
Parasolid Version: 36.0.142
PSBodyShop Version: 36.0.108
Step Adapter Version: 13.0.163
Solid Edge Version: 224.00.00.101 x64

STEP Export Options
Export Format: AP214
Export Construction Sheets: Off
Export Construction Solids: Off
Export Construction Wires: Off
Export Displayed Parts Only: Off
Export Units: Millimeters
Export Part Component Names As Unicode: Off
Export PMI: Off

Phase 1 of 1 Translating Parasolid to foreign data types...
Translation process completed
Time required to translate:00 : 00 : 02
